<?xml version="1.0" encoding="UTF-8"?>
<!-- Generated by org.testng.reporters.JUnitReportReporter -->
<testsuite hostname="Tulasikumar" failures="0" tests="1" name="Demo.Demo5" time="1.186" errors="0" timestamp="2023-08-09T15:16:59 IST" skipped="0">
  <testcase classname="Demo.Demo5" name="Base" time="1.186"/>
  <system-out/>
</testsuite> <!-- Demo.Demo5 -->
