<?xml version="1.0" encoding="UTF-8"?>
<!-- Generated by org.testng.reporters.JUnitReportReporter -->
<testsuite hostname="Tulasikumar" failures="0" tests="1" name="Demo.Demo4" time="1.238" errors="0" timestamp="2023-08-01T14:05:11 IST" skipped="0">
  <testcase classname="Demo.Demo4" name="Base" time="1.238"/>
  <system-out/>
</testsuite> <!-- Demo.Demo4 -->
