<?xml version="1.0" encoding="UTF-8"?>
<!-- Generated by org.testng.reporters.JUnitReportReporter -->
<testsuite hostname="Tulasikumar" failures="0" tests="1" name="Demo.Demo6" time="1.241" errors="0" timestamp="2023-08-09T18:14:10 IST" skipped="0">
  <testcase classname="Demo.Demo6" name="Base" time="1.241"/>
  <system-out/>
</testsuite> <!-- Demo.Demo6 -->
