<?xml version="1.0" encoding="UTF-8"?>
<!-- Generated by org.testng.reporters.JUnitReportReporter -->
<testsuite hostname="Tulasikumar" failures="0" tests="1" name="Demo.Demo2" time="1.286" errors="0" timestamp="2023-07-28T15:41:29 IST" skipped="0">
  <testcase classname="Demo.Demo2" name="Base" time="1.286"/>
  <system-out/>
</testsuite> <!-- Demo.Demo2 -->
